  [1m[36m (1.2ms)[0m  [1mCREATE TABLE "schema_migrations" ("version" varchar NOT NULL) [0m
  [1m[35m (0.0ms)[0m  select sqlite_version(*)
  [1m[36m (1.0ms)[0m  [1mCREATE UNIQUE INDEX "unique_schema_migrations" ON "schema_migrations" ("version")[0m
  [1m[35mActiveRecord::SchemaMigration Load (0.1ms)[0m  SELECT "schema_migrations".* FROM "schema_migrations"
  [1m[36mActiveRecord::SchemaMigration Load (0.1ms)[0m  [1mSELECT "schema_migrations".* FROM "schema_migrations"[0m
Migrating to CreatePosts (20151230232412)
  [1m[35m (0.1ms)[0m  begin transaction
  [1m[36m (0.4ms)[0m  [1mCREATE TABLE "posts" ("id" INTEGER PRIMARY KEY AUTOINCREMENT NOT NULL, "title" varchar, "description" text, "created_at" datetime NOT NULL, "updated_at" datetime NOT NULL) [0m
  [1m[35mSQL (0.2ms)[0m  INSERT INTO "schema_migrations" ("version") VALUES (?)  [["version", "20151230232412"]]
  [1m[36m (1.3ms)[0m  [1mcommit transaction[0m
  [1m[35mActiveRecord::SchemaMigration Load (0.1ms)[0m  SELECT "schema_migrations".* FROM "schema_migrations"
  [1m[36mActiveRecord::SchemaMigration Load (0.1ms)[0m  [1mSELECT "schema_migrations".* FROM "schema_migrations"[0m
  [1m[35mActiveRecord::SchemaMigration Load (0.1ms)[0m  SELECT "schema_migrations".* FROM "schema_migrations"
  [1m[36mActiveRecord::SchemaMigration Load (0.1ms)[0m  [1mSELECT "schema_migrations".* FROM "schema_migrations"[0m
  [1m[36mActiveRecord::SchemaMigration Load (0.1ms)[0m  [1mSELECT "schema_migrations".* FROM "schema_migrations"[0m
  [1m[35mActiveRecord::SchemaMigration Load (0.1ms)[0m  SELECT "schema_migrations".* FROM "schema_migrations"
  [1m[36mActiveRecord::SchemaMigration Load (0.1ms)[0m  [1mSELECT "schema_migrations".* FROM "schema_migrations"[0m
  [1m[35mActiveRecord::SchemaMigration Load (0.1ms)[0m  SELECT "schema_migrations".* FROM "schema_migrations"
  [1m[36mActiveRecord::SchemaMigration Load (0.1ms)[0m  [1mSELECT "schema_migrations".* FROM "schema_migrations"[0m
  [1m[35mActiveRecord::SchemaMigration Load (0.1ms)[0m  SELECT "schema_migrations".* FROM "schema_migrations"
  [1m[36m (3.4ms)[0m  [1mCREATE TABLE "schema_migrations" ("version" varchar NOT NULL) [0m
  [1m[35m (0.1ms)[0m  select sqlite_version(*)
  [1m[36m (1.6ms)[0m  [1mCREATE UNIQUE INDEX "unique_schema_migrations" ON "schema_migrations" ("version")[0m
  [1m[35mActiveRecord::SchemaMigration Load (0.1ms)[0m  SELECT "schema_migrations".* FROM "schema_migrations"
Migrating to CreatePosts (20151230232412)
  [1m[36m (0.1ms)[0m  [1mbegin transaction[0m
  [1m[35m (0.5ms)[0m  CREATE TABLE "posts" ("id" INTEGER PRIMARY KEY AUTOINCREMENT NOT NULL, "title" varchar, "description" text, "created_at" datetime NOT NULL, "updated_at" datetime NOT NULL) 
  [1m[36mSQL (0.2ms)[0m  [1mINSERT INTO "schema_migrations" ("version") VALUES (?)[0m  [["version", "20151230232412"]]
  [1m[35m (1.2ms)[0m  commit transaction
  [1m[36mActiveRecord::SchemaMigration Load (0.1ms)[0m  [1mSELECT "schema_migrations".* FROM "schema_migrations"[0m


Started GET "/" for ::1 at 2018-11-01 10:56:10 -0400
  [1m[36mActiveRecord::SchemaMigration Load (0.1ms)[0m  [1mSELECT "schema_migrations".* FROM "schema_migrations"[0m
Processing by Rails::WelcomeController#index as HTML
  Rendered /Users/minhee/.rvm/gems/ruby-2.3.3/gems/railties-4.2.10/lib/rails/templates/rails/welcome/index.html.erb (2.3ms)
Completed 200 OK in 23ms (Views: 13.9ms | ActiveRecord: 0.0ms)


Started GET "/posts" for ::1 at 2018-11-01 11:02:35 -0400
  [1m[36mActiveRecord::SchemaMigration Load (0.1ms)[0m  [1mSELECT "schema_migrations".* FROM "schema_migrations"[0m

ActionController::RoutingError (No route matches [GET] "/posts"):
  actionpack (4.2.10) lib/action_dispatch/middleware/debug_exceptions.rb:21:in `call'
  actionpack (4.2.10) lib/action_dispatch/middleware/show_exceptions.rb:30:in `call'
  railties (4.2.10) lib/rails/rack/logger.rb:38:in `call_app'
  railties (4.2.10) lib/rails/rack/logger.rb:20:in `block in call'
  activesupport (4.2.10) lib/active_support/tagged_logging.rb:68:in `block in tagged'
  activesupport (4.2.10) lib/active_support/tagged_logging.rb:26:in `tagged'
  activesupport (4.2.10) lib/active_support/tagged_logging.rb:68:in `tagged'
  railties (4.2.10) lib/rails/rack/logger.rb:20:in `call'
  actionpack (4.2.10) lib/action_dispatch/middleware/request_id.rb:21:in `call'
  rack (1.6.10) lib/rack/methodoverride.rb:22:in `call'
  rack (1.6.10) lib/rack/runtime.rb:18:in `call'
  activesupport (4.2.10) lib/active_support/cache/strategy/local_cache_middleware.rb:28:in `call'
  rack (1.6.10) lib/rack/lock.rb:17:in `call'
  actionpack (4.2.10) lib/action_dispatch/middleware/static.rb:120:in `call'
  rack (1.6.10) lib/rack/sendfile.rb:113:in `call'
  railties (4.2.10) lib/rails/engine.rb:518:in `call'
  railties (4.2.10) lib/rails/application.rb:165:in `call'
  rack (1.6.10) lib/rack/lock.rb:17:in `call'
  rack (1.6.10) lib/rack/content_length.rb:15:in `call'
  rack (1.6.10) lib/rack/handler/webrick.rb:88:in `service'
  /Users/minhee/.rvm/rubies/ruby-2.3.3/lib/ruby/2.3.0/webrick/httpserver.rb:140:in `service'
  /Users/minhee/.rvm/rubies/ruby-2.3.3/lib/ruby/2.3.0/webrick/httpserver.rb:96:in `run'
  /Users/minhee/.rvm/rubies/ruby-2.3.3/lib/ruby/2.3.0/webrick/server.rb:296:in `block in start_thread'


  Rendered /Users/minhee/.rvm/gems/ruby-2.3.3/gems/actionpack-4.2.10/lib/action_dispatch/middleware/templates/rescues/_trace.html.erb (1.3ms)
  Rendered /Users/minhee/.rvm/gems/ruby-2.3.3/gems/actionpack-4.2.10/lib/action_dispatch/middleware/templates/routes/_route.html.erb (0.6ms)
  Rendered /Users/minhee/.rvm/gems/ruby-2.3.3/gems/actionpack-4.2.10/lib/action_dispatch/middleware/templates/routes/_table.html.erb (13.2ms)
  Rendered /Users/minhee/.rvm/gems/ruby-2.3.3/gems/actionpack-4.2.10/lib/action_dispatch/middleware/templates/rescues/_request_and_response.html.erb (9.5ms)
  Rendered /Users/minhee/.rvm/gems/ruby-2.3.3/gems/actionpack-4.2.10/lib/action_dispatch/middleware/templates/rescues/routing_error.html.erb within rescues/layout (115.8ms)


Started GET "/posts/1" for ::1 at 2018-11-01 11:02:38 -0400
Processing by PostsController#show as HTML
  Parameters: {"id"=>"1"}
  Rendered posts/show.html.erb within layouts/application (0.6ms)
Completed 200 OK in 328ms (Views: 326.9ms | ActiveRecord: 0.0ms)


Started GET "/posts/" for ::1 at 2018-11-01 11:02:48 -0400

ActionController::RoutingError (No route matches [GET] "/posts"):
  actionpack (4.2.10) lib/action_dispatch/middleware/debug_exceptions.rb:21:in `call'
  actionpack (4.2.10) lib/action_dispatch/middleware/show_exceptions.rb:30:in `call'
  railties (4.2.10) lib/rails/rack/logger.rb:38:in `call_app'
  railties (4.2.10) lib/rails/rack/logger.rb:20:in `block in call'
  activesupport (4.2.10) lib/active_support/tagged_logging.rb:68:in `block in tagged'
  activesupport (4.2.10) lib/active_support/tagged_logging.rb:26:in `tagged'
  activesupport (4.2.10) lib/active_support/tagged_logging.rb:68:in `tagged'
  railties (4.2.10) lib/rails/rack/logger.rb:20:in `call'
  actionpack (4.2.10) lib/action_dispatch/middleware/request_id.rb:21:in `call'
  rack (1.6.10) lib/rack/methodoverride.rb:22:in `call'
  rack (1.6.10) lib/rack/runtime.rb:18:in `call'
  activesupport (4.2.10) lib/active_support/cache/strategy/local_cache_middleware.rb:28:in `call'
  rack (1.6.10) lib/rack/lock.rb:17:in `call'
  actionpack (4.2.10) lib/action_dispatch/middleware/static.rb:120:in `call'
  rack (1.6.10) lib/rack/sendfile.rb:113:in `call'
  railties (4.2.10) lib/rails/engine.rb:518:in `call'
  railties (4.2.10) lib/rails/application.rb:165:in `call'
  rack (1.6.10) lib/rack/lock.rb:17:in `call'
  rack (1.6.10) lib/rack/content_length.rb:15:in `call'
  rack (1.6.10) lib/rack/handler/webrick.rb:88:in `service'
  /Users/minhee/.rvm/rubies/ruby-2.3.3/lib/ruby/2.3.0/webrick/httpserver.rb:140:in `service'
  /Users/minhee/.rvm/rubies/ruby-2.3.3/lib/ruby/2.3.0/webrick/httpserver.rb:96:in `run'
  /Users/minhee/.rvm/rubies/ruby-2.3.3/lib/ruby/2.3.0/webrick/server.rb:296:in `block in start_thread'


  Rendered /Users/minhee/.rvm/gems/ruby-2.3.3/gems/actionpack-4.2.10/lib/action_dispatch/middleware/templates/rescues/_trace.html.erb (1.1ms)
  Rendered /Users/minhee/.rvm/gems/ruby-2.3.3/gems/actionpack-4.2.10/lib/action_dispatch/middleware/templates/routes/_route.html.erb (0.6ms)
  Rendered /Users/minhee/.rvm/gems/ruby-2.3.3/gems/actionpack-4.2.10/lib/action_dispatch/middleware/templates/routes/_table.html.erb (1.3ms)
  Rendered /Users/minhee/.rvm/gems/ruby-2.3.3/gems/actionpack-4.2.10/lib/action_dispatch/middleware/templates/rescues/_request_and_response.html.erb (3.1ms)
  Rendered /Users/minhee/.rvm/gems/ruby-2.3.3/gems/actionpack-4.2.10/lib/action_dispatch/middleware/templates/rescues/routing_error.html.erb within rescues/layout (82.9ms)


Started GET "/posts/2" for ::1 at 2018-11-01 11:02:49 -0400
Processing by PostsController#show as HTML
  Parameters: {"id"=>"2"}
  Rendered posts/show.html.erb within layouts/application (0.0ms)
Completed 200 OK in 19ms (Views: 18.4ms | ActiveRecord: 0.0ms)


Started GET "/posts/3" for ::1 at 2018-11-01 11:02:51 -0400
Processing by PostsController#show as HTML
  Parameters: {"id"=>"3"}
  Rendered posts/show.html.erb within layouts/application (0.0ms)
Completed 200 OK in 30ms (Views: 21.8ms | ActiveRecord: 0.0ms)
